Build started 6/19/2014 7:09:46 PM.
     1>Project "C:\Users\conta_000\Documents\Visual Studio 2012\Projects\of_v0.8.0_vs_release\apps\myApps\kinect_game\kinect_game.vcxproj" on node 2 (Build target(s)).
     1>ClCompile:
         C:\Program Files (x86)\Microsoft Visual Studio 11.0\VC\bin\CL.exe /c /I..\..\..\addons\ofxKinectCommonBridge\libs\KinectCommonBridge\include /I"C:\Program Files\Microsoft SDKs\Kinect\v1.8\inc" /I"C:\Program Files\Microsoft SDKs\Kinect\Developer Toolkit v1.8.0inc" /I..\..\..\libs\openFrameworks /I..\..\..\libs\openFrameworks\graphics /I..\..\..\libs\openFrameworks\app /I..\..\..\libs\openFrameworks\sound /I..\..\..\libs\openFrameworks\utils /I..\..\..\libs\openFrameworks\communication /I..\..\..\libs\openFrameworks\video /I..\..\..\libs\openFrameworks\types /I..\..\..\libs\openFrameworks\math /I..\..\..\libs\openFrameworks\3d /I..\..\..\libs\openFrameworks\gl /I..\..\..\libs\openFrameworks\events /I..\..\..\libs\glut\include /I..\..\..\libs\rtAudio\include /I..\..\..\libs\quicktime\include /I..\..\..\libs\freetype\include /I..\..\..\libs\freetype\include\freetype2 /I..\..\..\libs\freeImage\include /I..\..\..\libs\fmodex\include /I..\..\..\libs\videoInput\include /I..\..\..\libs\glew\include\ /I..\..\..\libs\glu\include /I..\..\..\libs\tess2\include /I..\..\..\libs\cairo\include\cairo /I..\..\..\libs\poco\include /I..\..\..\libs\glfw\include /I..\..\..\libs\openssl\include /I..\..\..\addons /I..\..\..\addons\ofxKinectCommonBridge\libs /I..\..\..\addons\ofxKinectCommonBridge\src /I..\..\..\addons\ofxKinectCommonBridge\libs\KinectCommonBridge /I..\..\..\addons\ofxKinectCommonBridge\libs\KinectCommonBridge\include /I..\..\..\addons\ofxKinectCommonBridge\libs\KinectCommonBridge\lib /I..\..\..\addons\ofxKinectCommonBridge\libs\KinectCommonBridge\lib\windows /ZI /nologo /W3 /WX- /Od /Oy- /D WIN32 /D _DEBUG /D _CONSOLE /D POCO_STATIC /D CAIRO_WIN32_STATIC_BUILD /D DISABLE_SOME_FLOATING_POINT /D _UNICODE /D UNICODE /Gm /EHsc /RTC1 /MDd /GS /fp:precise /Zc:wchar_t /Zc:forScope /Fo"obj\Debug\\" /Fd"obj\Debug\vc110.pdb" /Gd /TP /analyze- /errorReport:prompt src\testApp.cpp
         testApp.cpp
     1>c:\users\conta_000\documents\visual studio 2012\projects\of_v0.8.0_vs_release\libs\poco\include\poco\streamconverter.h(126): warning C4250: 'Poco::InputStreamConverter' : inherits 'std::basic_istream<_Elem,_Traits>::std::basic_istream<_Elem,_Traits>::_Add_vtordisp1' via dominance
                 with
                 [
                     _Elem=char,
                     _Traits=std::char_traits<char>
                 ]
                 c:\program files (x86)\microsoft visual studio 11.0\vc\include\istream(74) : see declaration of 'std::basic_istream<_Elem,_Traits>::_Add_vtordisp1'
                 with
                 [
                     _Elem=char,
                     _Traits=std::char_traits<char>
                 ]
     1>c:\users\conta_000\documents\visual studio 2012\projects\of_v0.8.0_vs_release\libs\poco\include\poco\streamconverter.h(144): warning C4250: 'Poco::OutputStreamConverter' : inherits 'std::basic_ostream<_Elem,_Traits>::std::basic_ostream<_Elem,_Traits>::_Add_vtordisp2' via dominance
                 with
                 [
                     _Elem=char,
                     _Traits=std::char_traits<char>
                 ]
                 c:\program files (x86)\microsoft visual studio 11.0\vc\include\ostream(90) : see declaration of 'std::basic_ostream<_Elem,_Traits>::_Add_vtordisp2'
                 with
                 [
                     _Elem=char,
                     _Traits=std::char_traits<char>
                 ]
       Link:
         C:\Program Files (x86)\Microsoft Visual Studio 11.0\VC\bin\link.exe /ERRORREPORT:PROMPT /OUT:"bin\kinect_game_debug.exe" /INCREMENTAL /NOLOGO /LIBPATH:"C:\Program Files\Microsoft SDKs\Kinect\v1.8\\lib\x86" /LIBPATH:..\..\..\addons\ofxKinectCommonBridge\libs\KinectCommonBridge\lib\windows /LIBPATH:..\..\..\libs\glut\lib\vs /LIBPATH:..\..\..\libs\glfw\lib\vs /LIBPATH:..\..\..\libs\rtAudio\lib\vs /LIBPATH:..\..\..\libs\FreeImage\lib\vs /LIBPATH:..\..\..\libs\freetype\lib\vs /LIBPATH:..\..\..\libs\quicktime\lib\vs /LIBPATH:..\..\..\libs\fmodex\lib\vs /LIBPATH:..\..\..\libs\videoInput\lib\vs /LIBPATH:..\..\..\libs\cairo\lib\vs /LIBPATH:..\..\..\libs\glew\lib\vs /LIBPATH:..\..\..\libs\glu\lib\vs /LIBPATH:..\..\..\libs\openssl\lib\vs /LIBPATH:..\..\..\libs\Poco\lib\vs /LIBPATH:..\..\..\libs\tess2\lib\vs KinectCommonBridge.lib Kinect10.lib "cairo-static.lib" "pixman-1.lib" msimg32.lib OpenGL32.lib GLu32.lib kernel32.lib setupapi.lib Vfw32.lib comctl32.lib glut32.lib rtAudioD.lib videoInputD.lib libfreetype.lib FreeImage.lib qtmlClient.lib dsound.lib user32.lib gdi32.lib winspool.lib comdlg32.lib advapi32.lib shell32.lib ole32.lib oleaut32.lib uuid.lib glew32s.lib fmodex_vc.lib glu32.lib ssleay32MD.lib libeay32MD.lib crypt32.lib PocoFoundationmdd.lib PocoNetmdd.lib PocoUtilmdd.lib PocoXMLmdd.lib Ws2_32.lib tess2.lib glfw3.lib kernel32.lib user32.lib gdi32.lib winspool.lib comdlg32.lib advapi32.lib shell32.lib ole32.lib oleaut32.lib uuid.lib odbc32.lib odbccp32.lib /NODEFAULTLIB:PocoFoundationmdd.lib /NODEFAULTLIB:atlthunk.lib /NODEFAULTLIB:msvcrt /NODEFAULTLIB:libcmt /NODEFAULTLIB:LIBC /NODEFAULTLIB:LIBCMTD /MANIFEST /MANIFESTUAC:"level='asInvoker' uiAccess='false'" /manifest:embed /DEBUG /PDB:"bin\kinect_game_debug.pdb" /SUBSYSTEM:CONSOLE /TLBID:1 /DYNAMICBASE:NO /NXCOMPAT /IMPLIB:"bin\kinect_game_debug.lib" /MACHINE:X86 /SAFESEH obj\Debug\icon.res
         obj\Debug\main.obj
         obj\Debug\testApp.obj
         obj\Debug\ofxKinectCommonBridge.obj
         "C:\Users\conta_000\Documents\Visual Studio 2012\Projects\of_v0.8.0_vs_release\libs\openFrameworksCompiled\lib\vs\openframeworksLib_debug.lib"
         kinect_game.vcxproj -> C:\Users\conta_000\Documents\Visual Studio 2012\Projects\of_v0.8.0_vs_release\apps\myApps\kinect_game\bin\kinect_game_debug.exe
       PostBuildEvent:
         xcopy /e /i /y "C:\Users\conta_000\Documents\Visual Studio 2012\Projects\of_v0.8.0_vs_release\apps\myApps\kinect_game\..\..\..\export\vs\*.dll" "C:\Users\conta_000\Documents\Visual Studio 2012\Projects\of_v0.8.0_vs_release\apps\myApps\kinect_game\bin"
         xcopy /e /i /y "..\..\..\addons\ofxKinectCommonBridge\libs\KinectCommonBridge\lib\windows\*.dll" "C:\Users\conta_000\Documents\Visual Studio 2012\Projects\of_v0.8.0_vs_release\apps\myApps\kinect_game\bin"
         xcopy /e /i /y "C:\Users\conta_000\Documents\Visual Studio 2012\Projects\of_v0.8.0_vs_release\apps\myApps\kinect_game\..\..\..\export\vs\*.dll" "C:\Users\conta_000\Documents\Visual Studio 2012\Projects\of_v0.8.0_vs_release\apps\myApps\kinect_game\bin"
         :VCEnd
         C:\Users\conta_000\Documents\Visual Studio 2012\Projects\of_v0.8.0_vs_release\apps\myApps\kinect_game\..\..\..\export\vs\Assimp32.dll
         C:\Users\conta_000\Documents\Visual Studio 2012\Projects\of_v0.8.0_vs_release\apps\myApps\kinect_game\..\..\..\export\vs\fmodex.dll
         C:\Users\conta_000\Documents\Visual Studio 2012\Projects\of_v0.8.0_vs_release\apps\myApps\kinect_game\..\..\..\export\vs\fmodexL.dll
         C:\Users\conta_000\Documents\Visual Studio 2012\Projects\of_v0.8.0_vs_release\apps\myApps\kinect_game\..\..\..\export\vs\FreeImage.dll
         C:\Users\conta_000\Documents\Visual Studio 2012\Projects\of_v0.8.0_vs_release\apps\myApps\kinect_game\..\..\..\export\vs\FreeType-6.dll
         C:\Users\conta_000\Documents\Visual Studio 2012\Projects\of_v0.8.0_vs_release\apps\myApps\kinect_game\..\..\..\export\vs\glut32.dll
         C:\Users\conta_000\Documents\Visual Studio 2012\Projects\of_v0.8.0_vs_release\apps\myApps\kinect_game\..\..\..\export\vs\libeay32.dll
         C:\Users\conta_000\Documents\Visual Studio 2012\Projects\of_v0.8.0_vs_release\apps\myApps\kinect_game\..\..\..\export\vs\ssleay32.dll
         C:\Users\conta_000\Documents\Visual Studio 2012\Projects\of_v0.8.0_vs_release\apps\myApps\kinect_game\..\..\..\export\vs\Zlib.dll
         9 File(s) copied
         ..\..\..\addons\ofxKinectCommonBridge\libs\KinectCommonBridge\lib\windows\KinectCommonBridge.dll
         1 File(s) copied
         C:\Users\conta_000\Documents\Visual Studio 2012\Projects\of_v0.8.0_vs_release\apps\myApps\kinect_game\..\..\..\export\vs\Assimp32.dll
         C:\Users\conta_000\Documents\Visual Studio 2012\Projects\of_v0.8.0_vs_release\apps\myApps\kinect_game\..\..\..\export\vs\fmodex.dll
         C:\Users\conta_000\Documents\Visual Studio 2012\Projects\of_v0.8.0_vs_release\apps\myApps\kinect_game\..\..\..\export\vs\fmodexL.dll
         C:\Users\conta_000\Documents\Visual Studio 2012\Projects\of_v0.8.0_vs_release\apps\myApps\kinect_game\..\..\..\export\vs\FreeImage.dll
         C:\Users\conta_000\Documents\Visual Studio 2012\Projects\of_v0.8.0_vs_release\apps\myApps\kinect_game\..\..\..\export\vs\FreeType-6.dll
         C:\Users\conta_000\Documents\Visual Studio 2012\Projects\of_v0.8.0_vs_release\apps\myApps\kinect_game\..\..\..\export\vs\glut32.dll
         C:\Users\conta_000\Documents\Visual Studio 2012\Projects\of_v0.8.0_vs_release\apps\myApps\kinect_game\..\..\..\export\vs\libeay32.dll
         C:\Users\conta_000\Documents\Visual Studio 2012\Projects\of_v0.8.0_vs_release\apps\myApps\kinect_game\..\..\..\export\vs\ssleay32.dll
         C:\Users\conta_000\Documents\Visual Studio 2012\Projects\of_v0.8.0_vs_release\apps\myApps\kinect_game\..\..\..\export\vs\Zlib.dll
         9 File(s) copied
     1>Done Building Project "C:\Users\conta_000\Documents\Visual Studio 2012\Projects\of_v0.8.0_vs_release\apps\myApps\kinect_game\kinect_game.vcxproj" (Build target(s)).

Build succeeded.

Time Elapsed 00:00:05.39
